<?xml version="1.0" encoding="UTF-8"?>
<!-- Generated by org.testng.reporters.JUnitReportReporter -->
<testsuite hostname="LAPTOP-9SCSOD5S" failures="0" tests="1" name="TestRunnerPackage.TestRunnerClass" time="9.349" errors="0" timestamp="2023-03-15T22:07:58 CDT" skipped="0">
  <testcase classname="TestRunnerPackage.TestRunnerClass" name="feature" time="9.349"/>
  <system-out/>
</testsuite> <!-- TestRunnerPackage.TestRunnerClass -->
